
2022/04/24 17:10:56 /home/animeii/go/pkg/mod/gorm.io/driver/mysql@v1.2.1/migrator.go:234
[0.093ms] [rows:-] SELECT DATABASE()

2022/04/24 17:10:56 /home/animeii/go/pkg/mod/gorm.io/driver/mysql@v1.2.1/migrator.go:237
[1.222ms] [rows:1] SELECT SCHEMA_NAME from Information_schema.SCHEMATA where SCHEMA_NAME LIKE 'eiko%' ORDER BY SCHEMA_NAME='eiko' DESC limit 1

2022/04/24 17:10:56 /home/animeii/anproject/animeic.tech/backend/bootstrap/db.go:97
[1.019ms] [rows:-] SELECT count(*) FROM information_schema.tables WHERE table_schema = 'eiko' AND table_name = 'users' AND table_type = 'BASE TABLE'

2022/04/24 17:10:56 /home/animeii/anproject/animeic.tech/backend/bootstrap/db.go:97
[13.311ms] [rows:0] CREATE TABLE `users` (`id` varchar(191),`username` varchar(191),`password` varchar(191),`email` varchar(191),`created` varchar(191),PRIMARY KEY (`id`))

2022/04/24 17:14:35 /home/animeii/go/pkg/mod/gorm.io/driver/mysql@v1.2.1/migrator.go:234
[0.043ms] [rows:-] SELECT DATABASE()

2022/04/24 17:14:35 /home/animeii/go/pkg/mod/gorm.io/driver/mysql@v1.2.1/migrator.go:237
[0.304ms] [rows:1] SELECT SCHEMA_NAME from Information_schema.SCHEMATA where SCHEMA_NAME LIKE 'eiko%' ORDER BY SCHEMA_NAME='eiko' DESC limit 1

2022/04/24 17:14:35 /home/animeii/anproject/animeic.tech/backend/bootstrap/db.go:97
[0.214ms] [rows:-] SELECT count(*) FROM information_schema.tables WHERE table_schema = 'eiko' AND table_name = 'users' AND table_type = 'BASE TABLE'

2022/04/24 17:14:35 /home/animeii/go/pkg/mod/gorm.io/driver/mysql@v1.2.1/migrator.go:234
[0.045ms] [rows:-] SELECT DATABASE()

2022/04/24 17:14:35 /home/animeii/go/pkg/mod/gorm.io/driver/mysql@v1.2.1/migrator.go:237
[0.176ms] [rows:1] SELECT SCHEMA_NAME from Information_schema.SCHEMATA where SCHEMA_NAME LIKE 'eiko%' ORDER BY SCHEMA_NAME='eiko' DESC limit 1

2022/04/24 17:14:35 /home/animeii/go/pkg/mod/gorm.io/driver/mysql@v1.2.1/migrator.go:205
[0.415ms] [rows:-] SELECT column_name, is_nullable, data_type, character_maximum_length, numeric_precision, numeric_scale FROM information_schema.columns WHERE table_schema = 'eiko' AND table_name = 'users'

2022/04/24 17:59:57 /home/animeii/go/pkg/mod/gorm.io/driver/mysql@v1.2.1/migrator.go:234
[0.040ms] [rows:-] SELECT DATABASE()

2022/04/24 17:59:57 /home/animeii/go/pkg/mod/gorm.io/driver/mysql@v1.2.1/migrator.go:237
[0.372ms] [rows:1] SELECT SCHEMA_NAME from Information_schema.SCHEMATA where SCHEMA_NAME LIKE 'eiko%' ORDER BY SCHEMA_NAME='eiko' DESC limit 1

2022/04/24 17:59:57 /home/animeii/anproject/animeic.tech/backend/bootstrap/db.go:97
[0.164ms] [rows:-] SELECT count(*) FROM information_schema.tables WHERE table_schema = 'eiko' AND table_name = 'users' AND table_type = 'BASE TABLE'

2022/04/24 17:59:57 /home/animeii/go/pkg/mod/gorm.io/driver/mysql@v1.2.1/migrator.go:234
[0.039ms] [rows:-] SELECT DATABASE()

2022/04/24 17:59:57 /home/animeii/go/pkg/mod/gorm.io/driver/mysql@v1.2.1/migrator.go:237
[0.157ms] [rows:1] SELECT SCHEMA_NAME from Information_schema.SCHEMATA where SCHEMA_NAME LIKE 'eiko%' ORDER BY SCHEMA_NAME='eiko' DESC limit 1

2022/04/24 17:59:57 /home/animeii/go/pkg/mod/gorm.io/driver/mysql@v1.2.1/migrator.go:205
[0.369ms] [rows:-] SELECT column_name, is_nullable, data_type, character_maximum_length, numeric_precision, numeric_scale FROM information_schema.columns WHERE table_schema = 'eiko' AND table_name = 'users'

2022/04/24 18:07:04 /home/animeii/go/pkg/mod/gorm.io/driver/mysql@v1.2.1/migrator.go:234
[0.046ms] [rows:-] SELECT DATABASE()

2022/04/24 18:07:04 /home/animeii/go/pkg/mod/gorm.io/driver/mysql@v1.2.1/migrator.go:237
[0.272ms] [rows:1] SELECT SCHEMA_NAME from Information_schema.SCHEMATA where SCHEMA_NAME LIKE 'eiko%' ORDER BY SCHEMA_NAME='eiko' DESC limit 1

2022/04/24 18:07:04 /home/animeii/anproject/animeic.tech/backend/bootstrap/db.go:97
[0.174ms] [rows:-] SELECT count(*) FROM information_schema.tables WHERE table_schema = 'eiko' AND table_name = 'users' AND table_type = 'BASE TABLE'

2022/04/24 18:07:04 /home/animeii/go/pkg/mod/gorm.io/driver/mysql@v1.2.1/migrator.go:234
[0.045ms] [rows:-] SELECT DATABASE()

2022/04/24 18:07:04 /home/animeii/go/pkg/mod/gorm.io/driver/mysql@v1.2.1/migrator.go:237
[0.171ms] [rows:1] SELECT SCHEMA_NAME from Information_schema.SCHEMATA where SCHEMA_NAME LIKE 'eiko%' ORDER BY SCHEMA_NAME='eiko' DESC limit 1

2022/04/24 18:07:04 /home/animeii/go/pkg/mod/gorm.io/driver/mysql@v1.2.1/migrator.go:205
[0.382ms] [rows:-] SELECT column_name, is_nullable, data_type, character_maximum_length, numeric_precision, numeric_scale FROM information_schema.columns WHERE table_schema = 'eiko' AND table_name = 'users'

2022/04/24 18:11:44 /home/animeii/go/pkg/mod/gorm.io/driver/mysql@v1.2.1/migrator.go:234
[0.065ms] [rows:-] SELECT DATABASE()

2022/04/24 18:11:44 /home/animeii/go/pkg/mod/gorm.io/driver/mysql@v1.2.1/migrator.go:237
[0.364ms] [rows:1] SELECT SCHEMA_NAME from Information_schema.SCHEMATA where SCHEMA_NAME LIKE 'eiko%' ORDER BY SCHEMA_NAME='eiko' DESC limit 1

2022/04/24 18:11:44 /home/animeii/anproject/animeic.tech/backend/bootstrap/db.go:97
[0.222ms] [rows:-] SELECT count(*) FROM information_schema.tables WHERE table_schema = 'eiko' AND table_name = 'users' AND table_type = 'BASE TABLE'

2022/04/24 18:11:44 /home/animeii/go/pkg/mod/gorm.io/driver/mysql@v1.2.1/migrator.go:234
[0.061ms] [rows:-] SELECT DATABASE()

2022/04/24 18:11:44 /home/animeii/go/pkg/mod/gorm.io/driver/mysql@v1.2.1/migrator.go:237
[0.226ms] [rows:1] SELECT SCHEMA_NAME from Information_schema.SCHEMATA where SCHEMA_NAME LIKE 'eiko%' ORDER BY SCHEMA_NAME='eiko' DESC limit 1

2022/04/24 18:11:44 /home/animeii/go/pkg/mod/gorm.io/driver/mysql@v1.2.1/migrator.go:205
[0.382ms] [rows:-] SELECT column_name, is_nullable, data_type, character_maximum_length, numeric_precision, numeric_scale FROM information_schema.columns WHERE table_schema = 'eiko' AND table_name = 'users'

2022/04/24 18:13:59 /home/animeii/go/pkg/mod/gorm.io/driver/mysql@v1.2.1/migrator.go:234
[0.041ms] [rows:-] SELECT DATABASE()

2022/04/24 18:13:59 /home/animeii/go/pkg/mod/gorm.io/driver/mysql@v1.2.1/migrator.go:237
[0.302ms] [rows:1] SELECT SCHEMA_NAME from Information_schema.SCHEMATA where SCHEMA_NAME LIKE 'eiko%' ORDER BY SCHEMA_NAME='eiko' DESC limit 1

2022/04/24 18:13:59 /home/animeii/anproject/animeic.tech/backend/bootstrap/db.go:97
[0.263ms] [rows:-] SELECT count(*) FROM information_schema.tables WHERE table_schema = 'eiko' AND table_name = 'users' AND table_type = 'BASE TABLE'

2022/04/24 18:13:59 /home/animeii/go/pkg/mod/gorm.io/driver/mysql@v1.2.1/migrator.go:234
[0.099ms] [rows:-] SELECT DATABASE()

2022/04/24 18:13:59 /home/animeii/go/pkg/mod/gorm.io/driver/mysql@v1.2.1/migrator.go:237
[0.230ms] [rows:1] SELECT SCHEMA_NAME from Information_schema.SCHEMATA where SCHEMA_NAME LIKE 'eiko%' ORDER BY SCHEMA_NAME='eiko' DESC limit 1

2022/04/24 18:13:59 /home/animeii/go/pkg/mod/gorm.io/driver/mysql@v1.2.1/migrator.go:205
[0.384ms] [rows:-] SELECT column_name, is_nullable, data_type, character_maximum_length, numeric_precision, numeric_scale FROM information_schema.columns WHERE table_schema = 'eiko' AND table_name = 'users'

2022/04/24 18:36:25 /home/animeii/go/pkg/mod/gorm.io/driver/mysql@v1.2.1/migrator.go:234
[0.040ms] [rows:-] SELECT DATABASE()

2022/04/24 18:36:25 /home/animeii/go/pkg/mod/gorm.io/driver/mysql@v1.2.1/migrator.go:237
[0.404ms] [rows:1] SELECT SCHEMA_NAME from Information_schema.SCHEMATA where SCHEMA_NAME LIKE 'eiko%' ORDER BY SCHEMA_NAME='eiko' DESC limit 1

2022/04/24 18:36:25 /home/animeii/anproject/animeic.tech/backend/bootstrap/db.go:97
[0.169ms] [rows:-] SELECT count(*) FROM information_schema.tables WHERE table_schema = 'eiko' AND table_name = 'users' AND table_type = 'BASE TABLE'

2022/04/24 18:36:25 /home/animeii/go/pkg/mod/gorm.io/driver/mysql@v1.2.1/migrator.go:234
[0.038ms] [rows:-] SELECT DATABASE()

2022/04/24 18:36:25 /home/animeii/go/pkg/mod/gorm.io/driver/mysql@v1.2.1/migrator.go:237
[0.154ms] [rows:1] SELECT SCHEMA_NAME from Information_schema.SCHEMATA where SCHEMA_NAME LIKE 'eiko%' ORDER BY SCHEMA_NAME='eiko' DESC limit 1

2022/04/24 18:36:25 /home/animeii/go/pkg/mod/gorm.io/driver/mysql@v1.2.1/migrator.go:205
[0.378ms] [rows:-] SELECT column_name, is_nullable, data_type, character_maximum_length, numeric_precision, numeric_scale FROM information_schema.columns WHERE table_schema = 'eiko' AND table_name = 'users'

2022/04/24 18:37:34 /home/animeii/go/pkg/mod/gorm.io/driver/mysql@v1.2.1/migrator.go:234
[0.040ms] [rows:-] SELECT DATABASE()

2022/04/24 18:37:34 /home/animeii/go/pkg/mod/gorm.io/driver/mysql@v1.2.1/migrator.go:237
[0.282ms] [rows:1] SELECT SCHEMA_NAME from Information_schema.SCHEMATA where SCHEMA_NAME LIKE 'eiko%' ORDER BY SCHEMA_NAME='eiko' DESC limit 1

2022/04/24 18:37:34 /home/animeii/anproject/animeic.tech/backend/bootstrap/db.go:97
[0.188ms] [rows:-] SELECT count(*) FROM information_schema.tables WHERE table_schema = 'eiko' AND table_name = 'users' AND table_type = 'BASE TABLE'

2022/04/24 18:37:34 /home/animeii/go/pkg/mod/gorm.io/driver/mysql@v1.2.1/migrator.go:234
[0.051ms] [rows:-] SELECT DATABASE()

2022/04/24 18:37:34 /home/animeii/go/pkg/mod/gorm.io/driver/mysql@v1.2.1/migrator.go:237
[0.193ms] [rows:1] SELECT SCHEMA_NAME from Information_schema.SCHEMATA where SCHEMA_NAME LIKE 'eiko%' ORDER BY SCHEMA_NAME='eiko' DESC limit 1

2022/04/24 18:37:34 /home/animeii/go/pkg/mod/gorm.io/driver/mysql@v1.2.1/migrator.go:205
[0.391ms] [rows:-] SELECT column_name, is_nullable, data_type, character_maximum_length, numeric_precision, numeric_scale FROM information_schema.columns WHERE table_schema = 'eiko' AND table_name = 'users'

2022/04/24 18:49:06 /home/animeii/go/pkg/mod/gorm.io/driver/mysql@v1.2.1/migrator.go:234
[0.044ms] [rows:-] SELECT DATABASE()

2022/04/24 18:49:06 /home/animeii/go/pkg/mod/gorm.io/driver/mysql@v1.2.1/migrator.go:237
[0.375ms] [rows:1] SELECT SCHEMA_NAME from Information_schema.SCHEMATA where SCHEMA_NAME LIKE 'eiko%' ORDER BY SCHEMA_NAME='eiko' DESC limit 1

2022/04/24 18:49:06 /home/animeii/anproject/animeic.tech/backend/bootstrap/db.go:97
[0.172ms] [rows:-] SELECT count(*) FROM information_schema.tables WHERE table_schema = 'eiko' AND table_name = 'users' AND table_type = 'BASE TABLE'

2022/04/24 18:49:06 /home/animeii/go/pkg/mod/gorm.io/driver/mysql@v1.2.1/migrator.go:234
[0.042ms] [rows:-] SELECT DATABASE()

2022/04/24 18:49:06 /home/animeii/go/pkg/mod/gorm.io/driver/mysql@v1.2.1/migrator.go:237
[0.161ms] [rows:1] SELECT SCHEMA_NAME from Information_schema.SCHEMATA where SCHEMA_NAME LIKE 'eiko%' ORDER BY SCHEMA_NAME='eiko' DESC limit 1

2022/04/24 18:49:06 /home/animeii/go/pkg/mod/gorm.io/driver/mysql@v1.2.1/migrator.go:205
[0.390ms] [rows:-] SELECT column_name, is_nullable, data_type, character_maximum_length, numeric_precision, numeric_scale FROM information_schema.columns WHERE table_schema = 'eiko' AND table_name = 'users'

2022/04/24 18:54:27 /home/animeii/go/pkg/mod/gorm.io/driver/mysql@v1.2.1/migrator.go:234
[0.040ms] [rows:-] SELECT DATABASE()

2022/04/24 18:54:27 /home/animeii/go/pkg/mod/gorm.io/driver/mysql@v1.2.1/migrator.go:237
[0.286ms] [rows:1] SELECT SCHEMA_NAME from Information_schema.SCHEMATA where SCHEMA_NAME LIKE 'eiko%' ORDER BY SCHEMA_NAME='eiko' DESC limit 1

2022/04/24 18:54:27 /home/animeii/anproject/animeic.tech/backend/bootstrap/db.go:97
[0.190ms] [rows:-] SELECT count(*) FROM information_schema.tables WHERE table_schema = 'eiko' AND table_name = 'users' AND table_type = 'BASE TABLE'

2022/04/24 18:54:27 /home/animeii/go/pkg/mod/gorm.io/driver/mysql@v1.2.1/migrator.go:234
[0.053ms] [rows:-] SELECT DATABASE()

2022/04/24 18:54:27 /home/animeii/go/pkg/mod/gorm.io/driver/mysql@v1.2.1/migrator.go:237
[0.194ms] [rows:1] SELECT SCHEMA_NAME from Information_schema.SCHEMATA where SCHEMA_NAME LIKE 'eiko%' ORDER BY SCHEMA_NAME='eiko' DESC limit 1

2022/04/24 18:54:27 /home/animeii/go/pkg/mod/gorm.io/driver/mysql@v1.2.1/migrator.go:205
[0.391ms] [rows:-] SELECT column_name, is_nullable, data_type, character_maximum_length, numeric_precision, numeric_scale FROM information_schema.columns WHERE table_schema = 'eiko' AND table_name = 'users'

2022/04/24 18:56:27 /home/animeii/go/pkg/mod/gorm.io/driver/mysql@v1.2.1/migrator.go:234
[0.042ms] [rows:-] SELECT DATABASE()

2022/04/24 18:56:27 /home/animeii/go/pkg/mod/gorm.io/driver/mysql@v1.2.1/migrator.go:237
[0.257ms] [rows:1] SELECT SCHEMA_NAME from Information_schema.SCHEMATA where SCHEMA_NAME LIKE 'eiko%' ORDER BY SCHEMA_NAME='eiko' DESC limit 1

2022/04/24 18:56:27 /home/animeii/anproject/animeic.tech/backend/bootstrap/db.go:97
[0.186ms] [rows:-] SELECT count(*) FROM information_schema.tables WHERE table_schema = 'eiko' AND table_name = 'users' AND table_type = 'BASE TABLE'

2022/04/24 18:56:27 /home/animeii/go/pkg/mod/gorm.io/driver/mysql@v1.2.1/migrator.go:234
[0.059ms] [rows:-] SELECT DATABASE()

2022/04/24 18:56:27 /home/animeii/go/pkg/mod/gorm.io/driver/mysql@v1.2.1/migrator.go:237
[0.200ms] [rows:1] SELECT SCHEMA_NAME from Information_schema.SCHEMATA where SCHEMA_NAME LIKE 'eiko%' ORDER BY SCHEMA_NAME='eiko' DESC limit 1

2022/04/24 18:56:27 /home/animeii/go/pkg/mod/gorm.io/driver/mysql@v1.2.1/migrator.go:205
[0.412ms] [rows:-] SELECT column_name, is_nullable, data_type, character_maximum_length, numeric_precision, numeric_scale FROM information_schema.columns WHERE table_schema = 'eiko' AND table_name = 'users'

2022/04/24 18:59:27 /home/animeii/go/pkg/mod/gorm.io/driver/mysql@v1.2.1/migrator.go:234
[0.056ms] [rows:-] SELECT DATABASE()

2022/04/24 18:59:27 /home/animeii/go/pkg/mod/gorm.io/driver/mysql@v1.2.1/migrator.go:237
[0.317ms] [rows:1] SELECT SCHEMA_NAME from Information_schema.SCHEMATA where SCHEMA_NAME LIKE 'eiko%' ORDER BY SCHEMA_NAME='eiko' DESC limit 1

2022/04/24 18:59:27 /home/animeii/anproject/animeic.tech/backend/bootstrap/db.go:97
[0.178ms] [rows:-] SELECT count(*) FROM information_schema.tables WHERE table_schema = 'eiko' AND table_name = 'users' AND table_type = 'BASE TABLE'

2022/04/24 18:59:27 /home/animeii/go/pkg/mod/gorm.io/driver/mysql@v1.2.1/migrator.go:234
[0.088ms] [rows:-] SELECT DATABASE()

2022/04/24 18:59:27 /home/animeii/go/pkg/mod/gorm.io/driver/mysql@v1.2.1/migrator.go:237
[0.218ms] [rows:1] SELECT SCHEMA_NAME from Information_schema.SCHEMATA where SCHEMA_NAME LIKE 'eiko%' ORDER BY SCHEMA_NAME='eiko' DESC limit 1

2022/04/24 18:59:27 /home/animeii/go/pkg/mod/gorm.io/driver/mysql@v1.2.1/migrator.go:205
[0.413ms] [rows:-] SELECT column_name, is_nullable, data_type, character_maximum_length, numeric_precision, numeric_scale FROM information_schema.columns WHERE table_schema = 'eiko' AND table_name = 'users'

2022/04/24 19:28:15 /home/animeii/go/pkg/mod/gorm.io/driver/mysql@v1.2.1/migrator.go:234
[0.042ms] [rows:-] SELECT DATABASE()

2022/04/24 19:28:15 /home/animeii/go/pkg/mod/gorm.io/driver/mysql@v1.2.1/migrator.go:237
[0.269ms] [rows:1] SELECT SCHEMA_NAME from Information_schema.SCHEMATA where SCHEMA_NAME LIKE 'eiko%' ORDER BY SCHEMA_NAME='eiko' DESC limit 1

2022/04/24 19:28:15 /home/animeii/anproject/animeic.tech/backend/bootstrap/db.go:97
[0.177ms] [rows:-] SELECT count(*) FROM information_schema.tables WHERE table_schema = 'eiko' AND table_name = 'users' AND table_type = 'BASE TABLE'

2022/04/24 19:28:15 /home/animeii/go/pkg/mod/gorm.io/driver/mysql@v1.2.1/migrator.go:234
[0.041ms] [rows:-] SELECT DATABASE()

2022/04/24 19:28:15 /home/animeii/go/pkg/mod/gorm.io/driver/mysql@v1.2.1/migrator.go:237
[0.165ms] [rows:1] SELECT SCHEMA_NAME from Information_schema.SCHEMATA where SCHEMA_NAME LIKE 'eiko%' ORDER BY SCHEMA_NAME='eiko' DESC limit 1

2022/04/24 19:28:15 /home/animeii/go/pkg/mod/gorm.io/driver/mysql@v1.2.1/migrator.go:205
[0.365ms] [rows:-] SELECT column_name, is_nullable, data_type, character_maximum_length, numeric_precision, numeric_scale FROM information_schema.columns WHERE table_schema = 'eiko' AND table_name = 'users'

2022/04/24 19:30:49 /home/animeii/go/pkg/mod/gorm.io/driver/mysql@v1.2.1/migrator.go:234
[0.040ms] [rows:-] SELECT DATABASE()

2022/04/24 19:30:49 /home/animeii/go/pkg/mod/gorm.io/driver/mysql@v1.2.1/migrator.go:237
[0.265ms] [rows:1] SELECT SCHEMA_NAME from Information_schema.SCHEMATA where SCHEMA_NAME LIKE 'eiko%' ORDER BY SCHEMA_NAME='eiko' DESC limit 1

2022/04/24 19:30:49 /home/animeii/anproject/animeic.tech/backend/bootstrap/db.go:97
[0.169ms] [rows:-] SELECT count(*) FROM information_schema.tables WHERE table_schema = 'eiko' AND table_name = 'users' AND table_type = 'BASE TABLE'

2022/04/24 19:30:49 /home/animeii/go/pkg/mod/gorm.io/driver/mysql@v1.2.1/migrator.go:234
[0.041ms] [rows:-] SELECT DATABASE()

2022/04/24 19:30:49 /home/animeii/go/pkg/mod/gorm.io/driver/mysql@v1.2.1/migrator.go:237
[0.167ms] [rows:1] SELECT SCHEMA_NAME from Information_schema.SCHEMATA where SCHEMA_NAME LIKE 'eiko%' ORDER BY SCHEMA_NAME='eiko' DESC limit 1

2022/04/24 19:30:49 /home/animeii/go/pkg/mod/gorm.io/driver/mysql@v1.2.1/migrator.go:205
[0.365ms] [rows:-] SELECT column_name, is_nullable, data_type, character_maximum_length, numeric_precision, numeric_scale FROM information_schema.columns WHERE table_schema = 'eiko' AND table_name = 'users'

2022/04/24 19:33:57 /home/animeii/go/pkg/mod/gorm.io/driver/mysql@v1.2.1/migrator.go:234
[0.054ms] [rows:-] SELECT DATABASE()

2022/04/24 19:33:57 /home/animeii/go/pkg/mod/gorm.io/driver/mysql@v1.2.1/migrator.go:237
[0.303ms] [rows:1] SELECT SCHEMA_NAME from Information_schema.SCHEMATA where SCHEMA_NAME LIKE 'eiko%' ORDER BY SCHEMA_NAME='eiko' DESC limit 1

2022/04/24 19:33:57 /home/animeii/anproject/animeic.tech/backend/bootstrap/db.go:97
[0.171ms] [rows:-] SELECT count(*) FROM information_schema.tables WHERE table_schema = 'eiko' AND table_name = 'users' AND table_type = 'BASE TABLE'

2022/04/24 19:33:57 /home/animeii/go/pkg/mod/gorm.io/driver/mysql@v1.2.1/migrator.go:234
[0.042ms] [rows:-] SELECT DATABASE()

2022/04/24 19:33:57 /home/animeii/go/pkg/mod/gorm.io/driver/mysql@v1.2.1/migrator.go:237
[0.167ms] [rows:1] SELECT SCHEMA_NAME from Information_schema.SCHEMATA where SCHEMA_NAME LIKE 'eiko%' ORDER BY SCHEMA_NAME='eiko' DESC limit 1

2022/04/24 19:33:57 /home/animeii/go/pkg/mod/gorm.io/driver/mysql@v1.2.1/migrator.go:205
[0.392ms] [rows:-] SELECT column_name, is_nullable, data_type, character_maximum_length, numeric_precision, numeric_scale FROM information_schema.columns WHERE table_schema = 'eiko' AND table_name = 'users'

2022/04/24 19:36:58 /home/animeii/go/pkg/mod/gorm.io/driver/mysql@v1.2.1/migrator.go:234
[0.040ms] [rows:-] SELECT DATABASE()

2022/04/24 19:36:58 /home/animeii/go/pkg/mod/gorm.io/driver/mysql@v1.2.1/migrator.go:237
[0.262ms] [rows:1] SELECT SCHEMA_NAME from Information_schema.SCHEMATA where SCHEMA_NAME LIKE 'eiko%' ORDER BY SCHEMA_NAME='eiko' DESC limit 1

2022/04/24 19:36:58 /home/animeii/anproject/animeic.tech/backend/bootstrap/db.go:97
[0.201ms] [rows:-] SELECT count(*) FROM information_schema.tables WHERE table_schema = 'eiko' AND table_name = 'users' AND table_type = 'BASE TABLE'

2022/04/24 19:36:58 /home/animeii/go/pkg/mod/gorm.io/driver/mysql@v1.2.1/migrator.go:234
[0.055ms] [rows:-] SELECT DATABASE()

2022/04/24 19:36:58 /home/animeii/go/pkg/mod/gorm.io/driver/mysql@v1.2.1/migrator.go:237
[0.200ms] [rows:1] SELECT SCHEMA_NAME from Information_schema.SCHEMATA where SCHEMA_NAME LIKE 'eiko%' ORDER BY SCHEMA_NAME='eiko' DESC limit 1

2022/04/24 19:36:58 /home/animeii/go/pkg/mod/gorm.io/driver/mysql@v1.2.1/migrator.go:205
[0.424ms] [rows:-] SELECT column_name, is_nullable, data_type, character_maximum_length, numeric_precision, numeric_scale FROM information_schema.columns WHERE table_schema = 'eiko' AND table_name = 'users'

2022/04/24 19:42:04 /home/animeii/go/pkg/mod/gorm.io/driver/mysql@v1.2.1/migrator.go:234
[0.039ms] [rows:-] SELECT DATABASE()

2022/04/24 19:42:04 /home/animeii/go/pkg/mod/gorm.io/driver/mysql@v1.2.1/migrator.go:237
[0.273ms] [rows:1] SELECT SCHEMA_NAME from Information_schema.SCHEMATA where SCHEMA_NAME LIKE 'eiko%' ORDER BY SCHEMA_NAME='eiko' DESC limit 1

2022/04/24 19:42:04 /home/animeii/anproject/animeic.tech/backend/bootstrap/db.go:97
[0.163ms] [rows:-] SELECT count(*) FROM information_schema.tables WHERE table_schema = 'eiko' AND table_name = 'users' AND table_type = 'BASE TABLE'

2022/04/24 19:42:04 /home/animeii/go/pkg/mod/gorm.io/driver/mysql@v1.2.1/migrator.go:234
[0.040ms] [rows:-] SELECT DATABASE()

2022/04/24 19:42:04 /home/animeii/go/pkg/mod/gorm.io/driver/mysql@v1.2.1/migrator.go:237
[0.159ms] [rows:1] SELECT SCHEMA_NAME from Information_schema.SCHEMATA where SCHEMA_NAME LIKE 'eiko%' ORDER BY SCHEMA_NAME='eiko' DESC limit 1

2022/04/24 19:42:04 /home/animeii/go/pkg/mod/gorm.io/driver/mysql@v1.2.1/migrator.go:205
[0.352ms] [rows:-] SELECT column_name, is_nullable, data_type, character_maximum_length, numeric_precision, numeric_scale FROM information_schema.columns WHERE table_schema = 'eiko' AND table_name = 'users'

2022/04/25 13:01:44 /home/animeii/go/pkg/mod/gorm.io/driver/mysql@v1.2.1/migrator.go:234
[0.344ms] [rows:-] SELECT DATABASE()

2022/04/25 13:01:44 /home/animeii/go/pkg/mod/gorm.io/driver/mysql@v1.2.1/migrator.go:237
[3.710ms] [rows:1] SELECT SCHEMA_NAME from Information_schema.SCHEMATA where SCHEMA_NAME LIKE 'eiko%' ORDER BY SCHEMA_NAME='eiko' DESC limit 1

2022/04/25 13:01:44 /home/animeii/anproject/animeic.tech/backend/bootstrap/db.go:97
[1.507ms] [rows:-] SELECT count(*) FROM information_schema.tables WHERE table_schema = 'eiko' AND table_name = 'users' AND table_type = 'BASE TABLE'

2022/04/25 13:01:44 /home/animeii/go/pkg/mod/gorm.io/driver/mysql@v1.2.1/migrator.go:234
[0.046ms] [rows:-] SELECT DATABASE()

2022/04/25 13:01:44 /home/animeii/go/pkg/mod/gorm.io/driver/mysql@v1.2.1/migrator.go:237
[0.308ms] [rows:1] SELECT SCHEMA_NAME from Information_schema.SCHEMATA where SCHEMA_NAME LIKE 'eiko%' ORDER BY SCHEMA_NAME='eiko' DESC limit 1

2022/04/25 13:01:44 /home/animeii/go/pkg/mod/gorm.io/driver/mysql@v1.2.1/migrator.go:205
[1.312ms] [rows:-] SELECT column_name, is_nullable, data_type, character_maximum_length, numeric_precision, numeric_scale FROM information_schema.columns WHERE table_schema = 'eiko' AND table_name = 'users'

2022/04/25 15:48:35 /home/animeii/go/pkg/mod/gorm.io/driver/mysql@v1.2.1/migrator.go:234
[0.057ms] [rows:-] SELECT DATABASE()

2022/04/25 15:48:35 /home/animeii/go/pkg/mod/gorm.io/driver/mysql@v1.2.1/migrator.go:237
[0.345ms] [rows:1] SELECT SCHEMA_NAME from Information_schema.SCHEMATA where SCHEMA_NAME LIKE 'eiko%' ORDER BY SCHEMA_NAME='eiko' DESC limit 1

2022/04/25 15:48:35 /home/animeii/anproject/animeic.tech/backend/bootstrap/db.go:97
[0.218ms] [rows:-] SELECT count(*) FROM information_schema.tables WHERE table_schema = 'eiko' AND table_name = 'users' AND table_type = 'BASE TABLE'

2022/04/25 15:48:35 /home/animeii/go/pkg/mod/gorm.io/driver/mysql@v1.2.1/migrator.go:234
[0.055ms] [rows:-] SELECT DATABASE()

2022/04/25 15:48:35 /home/animeii/go/pkg/mod/gorm.io/driver/mysql@v1.2.1/migrator.go:237
[0.218ms] [rows:1] SELECT SCHEMA_NAME from Information_schema.SCHEMATA where SCHEMA_NAME LIKE 'eiko%' ORDER BY SCHEMA_NAME='eiko' DESC limit 1

2022/04/25 15:48:35 /home/animeii/go/pkg/mod/gorm.io/driver/mysql@v1.2.1/migrator.go:205
[0.428ms] [rows:-] SELECT column_name, is_nullable, data_type, character_maximum_length, numeric_precision, numeric_scale FROM information_schema.columns WHERE table_schema = 'eiko' AND table_name = 'users'
